Thu, 28 Dec 2017 15:28:57 +0000 [UpgradeWizard] - setting session variables...
Thu, 28 Dec 2017 15:28:57 +0000 [UpgradeWizard] - -----------------------------------------------------------------------------
Thu, 28 Dec 2017 15:28:57 +0000 [UpgradeWizard] - Upgrade started. At start.php
Thu, 28 Dec 2017 15:28:57 +0000 [UpgradeWizard] - at unlinkUWTempFiles()
Thu, 28 Dec 2017 15:28:57 +0000 [UpgradeWizard] - finished!
Thu, 28 Dec 2017 15:28:57 +0000 [UpgradeWizard] - resetting $_SESSION
Thu, 28 Dec 2017 15:29:24 +0000 [UpgradeWizard] - setting session variables...
Thu, 28 Dec 2017 15:29:24 +0000 [UpgradeWizard] - [At systemCheck.php]
Thu, 28 Dec 2017 15:29:24 +0000 [UpgradeWizard] - Starting file permission check...
Thu, 28 Dec 2017 15:29:38 +0000 [UpgradeWizard] - Finished file permission check.
Thu, 28 Dec 2017 15:29:38 +0000 [UpgradeWizard] - Starting database permissions check...
Thu, 28 Dec 2017 15:29:38 +0000 [UpgradeWizard] - Checking CREATE TABLE permissions...
Thu, 28 Dec 2017 15:29:39 +0000 [UpgradeWizard] - Checking INSERT INTO permissions...
Thu, 28 Dec 2017 15:29:39 +0000 [UpgradeWizard] - Checking UPDATE TABLE permissions...
Thu, 28 Dec 2017 15:29:39 +0000 [UpgradeWizard] - Checking SELECT permissions...
Thu, 28 Dec 2017 15:29:39 +0000 [UpgradeWizard] - Checking DELETE FROM permissions...
Thu, 28 Dec 2017 15:29:39 +0000 [UpgradeWizard] - Checking ALTER TABLE ADD COLUMN permissions...
Thu, 28 Dec 2017 15:29:39 +0000 [UpgradeWizard] - Checking ALTER TABLE CHANGE COLUMN permissions...
Thu, 28 Dec 2017 15:29:39 +0000 [UpgradeWizard] - Checking ALTER TABLE DROP COLUMN permissions...
Thu, 28 Dec 2017 15:29:39 +0000 [UpgradeWizard] - Checking DROP TABLE permissions...
Thu, 28 Dec 2017 15:29:39 +0000 [UpgradeWizard] - No permissions errors found!
Thu, 28 Dec 2017 15:29:39 +0000 [UpgradeWizard] - Finished database permissions check.
Thu, 28 Dec 2017 15:29:51 +0000 [UpgradeWizard] - setting session variables...
Thu, 28 Dec 2017 15:29:51 +0000 [UpgradeWizard] - At upload.php
Thu, 28 Dec 2017 15:29:51 +0000 [UpgradeWizard] - finding new files for upgrade
Thu, 28 Dec 2017 15:29:51 +0000 [UpgradeWizard] - *** Potential error: patch found with either no 'type' or non-patch type [ upload://upgrades/langpack/zh-CN.zip ]
Thu, 28 Dec 2017 15:29:51 +0000 [UpgradeWizard] - *** UW using [  ] as source for patch files.
Thu, 28 Dec 2017 15:29:58 +0000 [UpgradeWizard] - setting session variables...
Thu, 28 Dec 2017 15:29:58 +0000 [UpgradeWizard] - [At cancel.php]
Thu, 28 Dec 2017 15:29:58 +0000 [UpgradeWizard] - cleaning up files and session.  goodbye.
Thu, 28 Dec 2017 15:29:58 +0000 [UpgradeWizard] - at unlinkUWTempFiles()
Thu, 28 Dec 2017 15:29:58 +0000 [UpgradeWizard] - finished!
Thu, 28 Dec 2017 15:29:58 +0000 [UpgradeWizard] - resetting $_SESSION
